<?xml version="1.0" encoding="UTF-8"?>
<!-- Generated by org.testng.reporters.JUnitReportReporter -->
<testsuite skipped="0" hostname="TBG-KEN-LAP-033" name="testCases.CheckReservation" tests="1" failures="0" timestamp="26 Sep 2017 14:57:46 GMT" time="18.545" errors="0">
  <testcase name="Login" time="18.545" classname="testCases.CheckReservation"/>
</testsuite> <!-- testCases.CheckReservation -->
