<?xml version="1.0" encoding="UTF-8"?>
<!-- Generated by org.testng.reporters.JUnitReportReporter -->
<testsuite skipped="0" hostname="TBG-KEN-LAP-033" name="testCases.Login" tests="1" failures="0" timestamp="26 Sep 2017 10:00:34 GMT" time="18.350" errors="0">
  <testcase name="Login" time="18.350" classname="testCases.Login"/>
</testsuite> <!-- testCases.Login -->
