<?xml version="1.0" encoding="UTF-8"?>
<!-- Generated by org.testng.reporters.JUnitReportReporter -->
<testsuite skipped="0" hostname="TBG-KEN-LAP-033" name="DemoApp" tests="1" failures="0" timestamp="26 Sep 2017 09:39:36 GMT" time="19.598" errors="0">
  <testcase name="Login" time="19.598" classname="DemoApp"/>
</testsuite> <!-- DemoApp -->
